#
# There is insufficient memory for the Java Runtime Environment to continue.
# Native memory allocation (mmap) failed to map 132120576 bytes for G1 virtual space
# Possible reasons:
#   The system is out of physical RAM or swap space
#   The process is running with CompressedOops enabled, and the Java Heap may be blocking the growth of the native heap
# Possible solutions:
#   Reduce memory load on the system
#   Increase physical memory or swap space
#   Check if swap backing store is full
#   Decrease Java heap size (-Xmx/-Xms)
#   Decrease number of Java threads
#   Decrease Java thread stack sizes (-Xss)
#   Set larger code cache with -XX:ReservedCodeCacheSize=
#   JVM is running with Unscaled Compressed Oops mode in which the Java heap is
#     placed in the first 4GB address space. The Java Heap base address is the
#     maximum limit for the native heap growth. Please use -XX:HeapBaseMinAddress
#     to set the Java Heap base and to place the Java Heap above 4GB virtual address.
# This output file may be truncated or incomplete.
#
#  Out of Memory Error (os_windows.cpp:3469), pid=168, tid=7784
#
# JRE version:  (17.0+35) (build )
# Java VM: OpenJDK 64-Bit Server VM (17+35-2724, mixed mode, sharing, tiered, compressed oops, compressed class ptrs, g1 gc, windows-amd64)
# No core dump will be written. Minidumps are not enabled by default on client versions of Windows
#

---------------  S U M M A R Y ------------

Command Line: -Dorg.jetbrains.run.directory=C:\Users\krist\IdeaProjects\FirstMaven\src\test\resources\features -javaagent:C:\Program Files\JetBrains\IntelliJ IDEA Community Edition 2021.2.2\lib\idea_rt.jar=52855:C:\Program Files\JetBrains\IntelliJ IDEA Community Edition 2021.2.2\bin -Dfile.encoding=UTF-8 io.cucumber.core.cli.Main --plugin org.jetbrains.plugins.cucumber.java.run.CucumberJvm5SMFormatter C:/Users/krist/IdeaProjects/FirstMaven/src/test/resources/features/Library.feature

Host: Intel(R) Core(TM) i7-8750H CPU @ 2.20GHz, 12 cores, 7G,  Windows 10 , 64 bit Build 19041 (10.0.19041.1202)
Time: Tue Oct 19 12:59:17 2021 Central Europe Daylight Time elapsed time: 0.015780 seconds (0d 0h 0m 0s)

---------------  T H R E A D  ---------------

Current thread (0x000001ef3592c210):  JavaThread "Unknown thread" [_thread_in_vm, id=7784, stack(0x00000039f9c00000,0x00000039f9d00000)]

Stack: [0x00000039f9c00000,0x00000039f9d00000]
Native frames: (J=compiled Java code, j=interpreted, Vv=VM code, C=native code)
V  [jvm.dll+0x66f8ea]
V  [jvm.dll+0x7ce224]
V  [jvm.dll+0x7cf9ce]
V  [jvm.dll+0x7d0033]
V  [jvm.dll+0x242bb5]
V  [jvm.dll+0x66c909]
V  [jvm.dll+0x6613d2]
V  [jvm.dll+0x30082b]
V  [jvm.dll+0x307db6]
V  [jvm.dll+0x357a0e]
V  [jvm.dll+0x357c3f]
V  [jvm.dll+0x2d7ae8]
V  [jvm.dll+0x2d8a54]
V  [jvm.dll+0x7a00a1]
V  [jvm.dll+0x365781]
V  [jvm.dll+0x77f59c]
V  [jvm.dll+0x3e805f]
V  [jvm.dll+0x3e9b01]
C  [jli.dll+0x527b]
C  [ucrtbase.dll+0x21bb2]
C  [KERNEL32.DLL+0x17034]
C  [ntdll.dll+0x52651]


---------------  P R O C E S S  ---------------

Threads class SMR info:
_java_thread_list=0x00007ffd5d607818, length=0, elements={
}

Java Threads: ( => current thread )

Other Threads:
  0x000001ef359692b0 GCTaskThread "GC Thread#0" [stack: 0x00000039f9d00000,0x00000039f9e00000] [id=12616]
  0x000001ef35979db0 ConcurrentGCThread "G1 Main Marker" [stack: 0x00000039f9e00000,0x00000039f9f00000] [id=18200]
  0x000001ef3597af60 ConcurrentGCThread "G1 Conc#0" [stack: 0x00000039f9f00000,0x00000039fa000000] [id=17648]

[error occurred during error reporting (printing all threads), id 0xc0000005, EXCEPTION_ACCESS_VIOLATION (0xc0000005) at pc=0x00007ffd5ce584c7]

VM state: not at safepoint (not fully initialized)

VM Mutex/Monitor currently owned by a thread:  ([mutex/lock_event])
[0x000001ef35928f10] Heap_lock - owner thread: 0x000001ef3592c210

Heap address: 0x0000000082200000, size: 2014 MB, Compressed Oops mode: 32-bit

CDS archive(s) mapped at: [0x0000000000000000-0x0000000000000000-0x0000000000000000), size 0, SharedBaseAddress: 0x0000000800000000, ArchiveRelocationMode: 0.
Narrow klass base: 0x0000000000000000, Narrow klass shift: 0, Narrow klass range: 0x0

GC Precious Log:
<Empty>

Heap:
 garbage-first heap   total 0K, used 0K [0x0000000082200000, 0x0000000100000000)
  region size 1024K, 0 young (0K), 0 survivors (0K)

[error occurred during error reporting (printing heap information), id 0xc0000005, EXCEPTION_ACCESS_VIOLATION (0xc0000005) at pc=0x00007ffd5d238c59]

GC Heap History (0 events):
No events

Deoptimization events (0 events):
No events

Classes unloaded (0 events):
No events

Classes redefined (0 events):
No events

Internal exceptions (0 events):
No events

VM Operations (0 events):
No events

Events (1 events):
Event: 0.010 Loaded shared library C:\Users\krist\.jdks\openjdk-17\bin\java.dll


Dynamic libraries:
0x00007ff70af10000 - 0x00007ff70af1e000 	C:\Users\krist\.jdks\openjdk-17\bin\java.exe
0x00007ffdd05b0000 - 0x00007ffdd07a5000 	C:\WINDOWS\SYSTEM32\ntdll.dll
0x00007ffdcfff0000 - 0x00007ffdd00ae000 	C:\WINDOWS\System32\KERNEL32.DLL
0x00007ffdcdcd0000 - 0x00007ffdcdf99000 	C:\WINDOWS\System32\KERNELBASE.dll
0x00007ffdcdfa0000 - 0x00007ffdce0a0000 	C:\WINDOWS\System32\ucrtbase.dll
0x00007ffdc7510000 - 0x00007ffdc752a000 	C:\Users\krist\.jdks\openjdk-17\bin\VCRUNTIME140.dll
0x00007ffdbbb10000 - 0x00007ffdbbb28000 	C:\Users\krist\.jdks\openjdk-17\bin\jli.dll
0x00007ffdcfc40000 - 0x00007ffdcfde1000 	C:\WINDOWS\System32\USER32.dll
0x00007ffdce3f0000 - 0x00007ffdce412000 	C:\WINDOWS\System32\win32u.dll
0x00007ffdba5b0000 - 0x00007ffdba84a000 	C:\WINDOWS\WinSxS\amd64_microsoft.windows.common-controls_6595b64144ccf1df_6.0.19041.1110_none_60b5254171f9507e\COMCTL32.dll
0x00007ffdcf9b0000 - 0x00007ffdcf9db000 	C:\WINDOWS\System32\GDI32.dll
0x00007ffdcf680000 - 0x00007ffdcf71e000 	C:\WINDOWS\System32\msvcrt.dll
0x00007ffdce4f0000 - 0x00007ffdce5fb000 	C:\WINDOWS\System32\gdi32full.dll
0x00007ffdce450000 - 0x00007ffdce4ed000 	C:\WINDOWS\System32\msvcp_win.dll
0x00007ffdd0410000 - 0x00007ffdd0440000 	C:\WINDOWS\System32\IMM32.DLL
0x00007ffdbb9c0000 - 0x00007ffdbb9cc000 	C:\Users\krist\.jdks\openjdk-17\bin\vcruntime140_1.dll
0x00007ffd93180000 - 0x00007ffd9320d000 	C:\Users\krist\.jdks\openjdk-17\bin\msvcp140.dll
0x00007ffd5cb70000 - 0x00007ffd5d72e000 	C:\Users\krist\.jdks\openjdk-17\bin\server\jvm.dll
0x00007ffdcee90000 - 0x00007ffdcef3c000 	C:\WINDOWS\System32\ADVAPI32.dll
0x00007ffdce600000 - 0x00007ffdce69b000 	C:\WINDOWS\System32\sechost.dll
0x00007ffdced60000 - 0x00007ffdcee8a000 	C:\WINDOWS\System32\RPCRT4.dll
0x00007ffdcfc30000 - 0x00007ffdcfc38000 	C:\WINDOWS\System32\PSAPI.DLL
0x00007ffdbdfa0000 - 0x00007ffdbdfa9000 	C:\WINDOWS\SYSTEM32\WSOCK32.dll
0x00007ffdc15f0000 - 0x00007ffdc1617000 	C:\WINDOWS\SYSTEM32\WINMM.dll
0x00007ffdcff80000 - 0x00007ffdcffeb000 	C:\WINDOWS\System32\WS2_32.dll
0x00007ffdc7190000 - 0x00007ffdc719a000 	C:\WINDOWS\SYSTEM32\VERSION.dll
0x00007ffdcc5a0000 - 0x00007ffdcc5b2000 	C:\WINDOWS\SYSTEM32\kernel.appcore.dll
0x00007ffdb9e30000 - 0x00007ffdb9e3a000 	C:\Users\krist\.jdks\openjdk-17\bin\jimage.dll
0x00007ffdcbae0000 - 0x00007ffdcbcc4000 	C:\WINDOWS\SYSTEM32\DBGHELP.DLL
0x00007ffdc64f0000 - 0x00007ffdc651c000 	C:\WINDOWS\SYSTEM32\dbgcore.DLL
0x00007ffdce0a0000 - 0x00007ffdce123000 	C:\WINDOWS\System32\bcryptPrimitives.dll
0x00007ffdb8570000 - 0x00007ffdb857e000 	C:\Users\krist\.jdks\openjdk-17\bin\instrument.dll
0x00007ffdb2e30000 - 0x00007ffdb2e55000 	C:\Users\krist\.jdks\openjdk-17\bin\java.dll

dbghelp: loaded successfully - version: 4.0.5 - missing functions: none
symbol engine: initialized successfully - sym options: 0x614 - pdb path: .;C:\Users\krist\.jdks\openjdk-17\bin;C:\WINDOWS\SYSTEM32;C:\WINDOWS\WinSxS\amd64_microsoft.windows.common-controls_6595b64144ccf1df_6.0.19041.1110_none_60b5254171f9507e;C:\Users\krist\.jdks\openjdk-17\bin\server

VM Arguments:
jvm_args: -Dorg.jetbrains.run.directory=C:\Users\krist\IdeaProjects\FirstMaven\src\test\resources\features -javaagent:C:\Program Files\JetBrains\IntelliJ IDEA Community Edition 2021.2.2\lib\idea_rt.jar=52855:C:\Program Files\JetBrains\IntelliJ IDEA Community Edition 2021.2.2\bin -Dfile.encoding=UTF-8 
java_command: io.cucumber.core.cli.Main --plugin org.jetbrains.plugins.cucumber.java.run.CucumberJvm5SMFormatter C:/Users/krist/IdeaProjects/FirstMaven/src/test/resources/features/Library.feature
java_class_path (initial): C:\Users\krist\IdeaProjects\FirstMaven\target\test-classes;C:\Users\krist\IdeaProjects\FirstMaven\target\classes;C:\Users\krist\.m2\repository\junit\junit\4.12\junit-4.12.jar;C:\Users\krist\.m2\repository\org\hamcrest\hamcrest-core\1.3\hamcrest-core-1.3.jar;C:\Users\krist\.m2\repository\io\cucumber\cucumber-java\7.0.0\cucumber-java-7.0.0.jar;C:\Users\krist\.m2\repository\io\cucumber\cucumber-core\7.0.0\cucumber-core-7.0.0.jar;C:\Users\krist\.m2\repository\io\cucumber\cucumber-gherkin\7.0.0\cucumber-gherkin-7.0.0.jar;C:\Users\krist\.m2\repository\io\cucumber\cucumber-gherkin-messages\7.0.0\cucumber-gherkin-messages-7.0.0.jar;C:\Users\krist\.m2\repository\io\cucumber\messages\17.1.1\messages-17.1.1.jar;C:\Users\krist\.m2\repository\io\cucumber\tag-expressions\4.0.2\tag-expressions-4.0.2.jar;C:\Users\krist\.m2\repository\io\cucumber\cucumber-expressions\13.0.1\cucumber-expressions-13.0.1.jar;C:\Users\krist\.m2\repository\io\cucumber\datatable\7.0.0\datatable-7.0.0.jar;C:\Users\krist\.m2\repository\io\cucumber\cucumber-plugin\7.0.0\cucumber-plugin-7.0.0.jar;C:\Users\krist\.m2\repository\io\cucumber\docstring\7.0.0\docstring-7.0.0.jar;C:\Users\krist\.m2\repository\io\cucumber\html-formatter\17.0.0\html-formatter-17.0.0.jar;C:\Users\krist\.m2\repository\io\cucumber\create-meta\6.0.1\create-meta-6.0.1.jar;C:\Users\krist\.m2\repository\org\apiguardian\apiguardian-api\1.1.2\apiguardian-api-1.1.2.jar;C:\Users\krist\.m2\repository\org\jacoco\jacoco-maven-plugin\0.8.7\jacoco-maven-plugin-0.8.7.jar;C:\Users\krist\.m2\repository\org\apache\maven\maven-plugin-api\3.0\maven-plugin-api-3.0.jar;C:\Users\krist\.m2\repository\org\apache\maven\maven-model\3.0\maven-model-3.0.jar;C:\Users\krist\.m2\repository\org\apache\maven\maven-artifact\3.0\maven-artifact-3.0.jar;C:\Users\krist\.m2\repository\org\sonatype\sisu\sisu-inject-plexus\1.4.2\sisu-inject-plexus-1.4.2.jar;C:\Users\krist\.m2\repository\org\sonatype\sisu\sisu-inject-bean\1.4.2\sisu-inject-bean-1.4.2
Launcher Type: SUN_STANDARD

[Global flags]
     intx CICompilerCount                          = 4                                         {product} {ergonomic}
     uint ConcGCThreads                            = 3                                         {product} {ergonomic}
     uint G1ConcRefinementThreads                  = 10                                        {product} {ergonomic}
   size_t G1HeapRegionSize                         = 1048576                                   {product} {ergonomic}
    uintx GCDrainStackTargetSize                   = 64                                        {product} {ergonomic}
   size_t InitialHeapSize                          = 132120576                                 {product} {ergonomic}
   size_t MarkStackSize                            = 4194304                                   {product} {ergonomic}
   size_t MaxHeapSize                              = 2111832064                                {product} {ergonomic}
   size_t MinHeapDeltaBytes                        = 1048576                                   {product} {ergonomic}
   size_t MinHeapSize                              = 8388608                                   {product} {ergonomic}
    uintx NonNMethodCodeHeapSize                   = 5839372                                {pd product} {ergonomic}
    uintx NonProfiledCodeHeapSize                  = 122909434                              {pd product} {ergonomic}
    uintx ProfiledCodeHeapSize                     = 122909434                              {pd product} {ergonomic}
    uintx ReservedCodeCacheSize                    = 251658240                              {pd product} {ergonomic}
     bool SegmentedCodeCache                       = true                                      {product} {ergonomic}
   size_t SoftMaxHeapSize                          = 2111832064                             {manageable} {ergonomic}
     bool UseCompressedClassPointers               = true                           {product lp64_product} {ergonomic}
     bool UseCompressedOops                        = true                           {product lp64_product} {ergonomic}
     bool UseG1GC                                  = true                                      {product} {ergonomic}
     bool UseLargePagesIndividualAllocation        = false                                  {pd product} {ergonomic}

Logging:
Log output configuration:
 #0: stdout all=warning uptime,level,tags
 #1: stderr all=off uptime,level,tags

Environment Variables:
PATH=C:\Program Files\Java\jdk-17\bin;C:\Python27\;C:\Python27\Scripts;C:\Windows\system32;C:\Windows;C:\Windows\System32\Wbem;C:\Windows\System32\WindowsPowerShell\v1.0\;C:\WINDOWS\system32;C:\WINDOWS;C:\WINDOWS\System32\Wbem;C:\WINDOWS\System32\WindowsPowerShell\v1.0\;C:\WINDOWS\System32\OpenSSH\;C:\Program Files\Intel\WiFi\bin\;C:\Program Files\Common Files\Intel\WirelessCommon\;C:\apache-groovy-sdk-2.5.8\groovy-2.5.8;C:\apache-groovy-sdk-2.5.8\groovy-2.5.8\bin;C:\gradle-5.6.3-bin\gradle-5.6.3;C:\gradle-5.6.3-bin\gradle-5.6.3\bin;C:\spring-boot-cli-2.2.0.RELEASE-bin\spring-2.2.0.RELEASE;C:\spring-boot-cli-2.2.0.RELEASE-bin\spring-2.2.0.RELEASE\bin;C:\apache-maven-3.6.2-bin\apache-maven-3.6.2\bin;C:\ProgramData\chocolatey\bin;C:\cygwin64\bin;C:\Program Files (x86)\NVIDIA Corporation\PhysX\Common;D:\Program Files\nodejs\;C:\WINDOWS\system32;C:\WINDOWS;C:\WINDOWS\System32\Wbem;C:\WINDOWS\System32\WindowsPowerShell\v1.0\;C:\WINDOWS\System32\OpenSSH\;d:\Program Files\Git\cmd;D:\Users\krist\AppData\Local\Programs\Python\Python38-32\Scripts\;D:\Users\krist\AppData\Local\Programs\Python\Python38-32\;C:\Program Files\Java\jdk-13\bin;C:\Users\krist\AppData\Local\Microsoft\WindowsApps;d:\Users\krist\AppData\Local\Programs\Microsoft VS Code\bin;d:\Program Files\Heroku\bin;C:\Users\krist\AppData\Roaming\npm;;C:\Program Files\JetBrains\IntelliJ IDEA Community Edition 2021.2.2\bin;
USERNAME=krist
OS=Windows_NT
PROCESSOR_IDENTIFIER=Intel64 Family 6 Model 158 Stepping 10, GenuineIntel



---------------  S Y S T E M  ---------------

OS:
 Windows 10 , 64 bit Build 19041 (10.0.19041.1202)
OS uptime: 4 days 3:36 hours

CPU: total 12 (initial active 12) (6 cores per cpu, 2 threads per core) family 6 model 158 stepping 10 microcode 0xea, cx8, cmov, fxsr, ht, mmx, 3dnowpref, sse, sse2, sse3, ssse3, sse4.1, sse4.2, popcnt, lzcnt, tsc, tscinvbit, avx, avx2, aes, erms, clmul, bmi1, bmi2, adx, fma, vzeroupper, clflush, clflushopt

Memory: 4k page, system-wide physical 8051M (622M free)
TotalPageFile size 21480M (AvailPageFile size 100M)
current process WorkingSet (physical memory assigned to process): 10M, peak: 10M
current process commit charge ("private bytes"): 64M, peak: 190M

vm_info: OpenJDK 64-Bit Server VM (17+35-2724) for windows-amd64 JRE (17+35-2724), built on Aug  5 2021 23:26:02 by "mach5one" with MS VC++ 16.8 (VS2019)

END.
